dev Server listening on port 8080
###### w_controller SIMPLE ######
###### w_controller SIMPLE ######
###### w_controller SIMPLE ######
###### w_controller SIMPLE ######
###### w_controller SIMPLE ######
###### w_controller SIMPLE ######
###### w_controller SIMPLE ######
###### w_controller SIMPLE ######
###### w_controller SIMPLE ######
###### w_controller SIMPLE ######
###### w_controller SIMPLE ######
###### w_controller SIMPLE ######
###### w_controller SIMPLE ######
###### w_controller SIMPLE ######
###### w_controller SIMPLE ######
###### w_controller SIMPLE ######
###### w_controller SIMPLE ######
###### w_controller SIMPLE ######
938611509676235[0m
[32maknowledment: 938611509676235[0m
[32mjoining from web: 938611509676235[0m
[32maknowledment: 938611509676235[0m
[32mjoining from web: 938611509676235[0m
[32maknowledment: 938611509676235[0m
[32mjoining from web: 938611509676235[0m
[32maknowledment: 938611509676235[0m
[32mjoining from web: 938611509676235[0m
[34memitted for 938611509676235[0m
[34memitted for 938611509676235[0m
[34memitted for 938611509676235[0m
[34memitted for 938611509676235[0m
[34memitted for 938611509676235[0m
[34memitted for 938611509676235[0m
[34memitted for 938611509676235[0m
[34memitted for 938611509676235[0m
[34memitted for 938611509676235[0m
[34memitted for 938611509676235[0m
[34memitted for 938611509676235[0m
[34memitted for 938611509676235[0m
[34memitted for 938611509676235[0m
[34memitted for 938611509676235[0m
[34memitted for 938611509676235[0m
[34memitted for 938611509676235[0m
[34memitted for 938611509676235[0m
[34memitted for 938611509676235[0m
[34memitted for 554499485760 with data:554444444444@c.us Os dados do pedido estão ok, vamos iniciar o preparo. Obrigado pela preferência.[0m
[34memitted for 554499485760 with data:5522345678@c.us Faltou o endereço, pode enviar por favor?[0m
